INFO - 2024-05-03 01:17:13 --> Session: Class initialized using 'CodeIgniter\Session\Handlers\FileHandler' driver.
INFO - 2024-05-03 01:17:29 --> Session: Class initialized using 'CodeIgniter\Session\Handlers\FileHandler' driver.
INFO - 2024-05-03 01:17:32 --> Session: Class initialized using 'CodeIgniter\Session\Handlers\FileHandler' driver.
INFO - 2024-05-03 01:18:28 --> Session: Class initialized using 'CodeIgniter\Session\Handlers\FileHandler' driver.
INFO - 2024-05-03 01:18:28 --> Session: Class initialized using 'CodeIgniter\Session\Handlers\FileHandler' driver.
CRITICAL - 2024-05-03 01:18:28 --> Trying to access array offset on value of type null
in APPPATH\Views\edit-utility.php on line 185.
 1 APPPATH\Views\edit-utility.php(185): CodeIgniter\Debug\Exceptions->errorHandler(2, 'Trying to access array offset on value of type null', 'APPPATH\\Views\\edit-utility.php', 185)
 2 SYSTEMPATH\View\View.php(213): include('APPPATH\\Views\\edit-utility.php')
 3 SYSTEMPATH\View\View.php(216): CodeIgniter\View\View->CodeIgniter\View\{closure}()
 4 SYSTEMPATH\Common.php(1177): CodeIgniter\View\View->render('edit-utility', [], true)
 5 APPPATH\Controllers\Home.php(68): view('edit-utility', [...])
 6 SYSTEMPATH\CodeIgniter.php(934): App\Controllers\Home->editUtility('FCPATH\\assets', 'images', 'logo-mini.svg')
 7 SYSTEMPATH\CodeIgniter.php(499): CodeIgniter\CodeIgniter->runController(Object(App\Controllers\Home))
 8 SYSTEMPATH\CodeIgniter.php(368): CodeIgniter\CodeIgniter->handleRequest(null, Object(Config\Cache), false)
 9 FCPATH\index.php(67): CodeIgniter\CodeIgniter->run()
10 SYSTEMPATH\Commands\Server\rewrite.php(47): require_once('FCPATH\\index.php')
INFO - 2024-05-03 01:18:29 --> Session: Class initialized using 'CodeIgniter\Session\Handlers\FileHandler' driver.
CRITICAL - 2024-05-03 01:18:29 --> Trying to access array offset on value of type null
in APPPATH\Views\edit-utility.php on line 185.
 1 APPPATH\Views\edit-utility.php(185): CodeIgniter\Debug\Exceptions->errorHandler(2, 'Trying to access array offset on value of type null', 'APPPATH\\Views\\edit-utility.php', 185)
 2 SYSTEMPATH\View\View.php(213): include('APPPATH\\Views\\edit-utility.php')
 3 SYSTEMPATH\View\View.php(216): CodeIgniter\View\View->CodeIgniter\View\{closure}()
 4 SYSTEMPATH\Common.php(1177): CodeIgniter\View\View->render('edit-utility', [], true)
 5 APPPATH\Controllers\Home.php(68): view('edit-utility', [...])
 6 SYSTEMPATH\CodeIgniter.php(934): App\Controllers\Home->editUtility('FCPATH\\assets', 'images', 'faces', 'pic-1.png')
 7 SYSTEMPATH\CodeIgniter.php(499): CodeIgniter\CodeIgniter->runController(Object(App\Controllers\Home))
 8 SYSTEMPATH\CodeIgniter.php(368): CodeIgniter\CodeIgniter->handleRequest(null, Object(Config\Cache), false)
 9 FCPATH\index.php(67): CodeIgniter\CodeIgniter->run()
10 SYSTEMPATH\Commands\Server\rewrite.php(47): require_once('FCPATH\\index.php')
INFO - 2024-05-03 01:18:42 --> Session: Class initialized using 'CodeIgniter\Session\Handlers\FileHandler' driver.
INFO - 2024-05-03 01:18:42 --> Session: Class initialized using 'CodeIgniter\Session\Handlers\FileHandler' driver.
INFO - 2024-05-03 01:19:48 --> Session: Class initialized using 'CodeIgniter\Session\Handlers\FileHandler' driver.
INFO - 2024-05-03 01:19:48 --> Session: Class initialized using 'CodeIgniter\Session\Handlers\FileHandler' driver.
CRITICAL - 2024-05-03 01:19:48 --> Trying to access array offset on value of type null
in APPPATH\Views\edit-rental.php on line 185.
 1 APPPATH\Views\edit-rental.php(185): CodeIgniter\Debug\Exceptions->errorHandler(2, 'Trying to access array offset on value of type null', 'APPPATH\\Views\\edit-rental.php', 185)
 2 SYSTEMPATH\View\View.php(213): include('APPPATH\\Views\\edit-rental.php')
 3 SYSTEMPATH\View\View.php(216): CodeIgniter\View\View->CodeIgniter\View\{closure}()
 4 SYSTEMPATH\Common.php(1177): CodeIgniter\View\View->render('edit-rental', [], true)
 5 APPPATH\Controllers\Home.php(56): view('edit-rental', [...])
 6 SYSTEMPATH\CodeIgniter.php(934): App\Controllers\Home->editRental('FCPATH\\assets', 'images', 'logo-mini.svg')
 7 SYSTEMPATH\CodeIgniter.php(499): CodeIgniter\CodeIgniter->runController(Object(App\Controllers\Home))
 8 SYSTEMPATH\CodeIgniter.php(368): CodeIgniter\CodeIgniter->handleRequest(null, Object(Config\Cache), false)
 9 FCPATH\index.php(67): CodeIgniter\CodeIgniter->run()
10 SYSTEMPATH\Commands\Server\rewrite.php(47): require_once('FCPATH\\index.php')
INFO - 2024-05-03 01:19:48 --> Session: Class initialized using 'CodeIgniter\Session\Handlers\FileHandler' driver.
CRITICAL - 2024-05-03 01:19:48 --> Trying to access array offset on value of type null
in APPPATH\Views\edit-rental.php on line 185.
 1 APPPATH\Views\edit-rental.php(185): CodeIgniter\Debug\Exceptions->errorHandler(2, 'Trying to access array offset on value of type null', 'APPPATH\\Views\\edit-rental.php', 185)
 2 SYSTEMPATH\View\View.php(213): include('APPPATH\\Views\\edit-rental.php')
 3 SYSTEMPATH\View\View.php(216): CodeIgniter\View\View->CodeIgniter\View\{closure}()
 4 SYSTEMPATH\Common.php(1177): CodeIgniter\View\View->render('edit-rental', [], true)
 5 APPPATH\Controllers\Home.php(56): view('edit-rental', [...])
 6 SYSTEMPATH\CodeIgniter.php(934): App\Controllers\Home->editRental('FCPATH\\assets', 'images', 'faces', 'pic-1.png')
 7 SYSTEMPATH\CodeIgniter.php(499): CodeIgniter\CodeIgniter->runController(Object(App\Controllers\Home))
 8 SYSTEMPATH\CodeIgniter.php(368): CodeIgniter\CodeIgniter->handleRequest(null, Object(Config\Cache), false)
 9 FCPATH\index.php(67): CodeIgniter\CodeIgniter->run()
10 SYSTEMPATH\Commands\Server\rewrite.php(47): require_once('FCPATH\\index.php')
INFO - 2024-05-03 01:20:26 --> Session: Class initialized using 'CodeIgniter\Session\Handlers\FileHandler' driver.
INFO - 2024-05-03 01:42:24 --> Session: Class initialized using 'CodeIgniter\Session\Handlers\FileHandler' driver.
INFO - 2024-05-03 01:42:26 --> Session: Class initialized using 'CodeIgniter\Session\Handlers\FileHandler' driver.
INFO - 2024-05-03 01:43:03 --> Session: Class initialized using 'CodeIgniter\Session\Handlers\FileHandler' driver.
INFO - 2024-05-03 01:43:26 --> Session: Class initialized using 'CodeIgniter\Session\Handlers\FileHandler' driver.
INFO - 2024-05-03 01:45:38 --> Session: Class initialized using 'CodeIgniter\Session\Handlers\FileHandler' driver.
INFO - 2024-05-03 01:45:43 --> Session: Class initialized using 'CodeIgniter\Session\Handlers\FileHandler' driver.
INFO - 2024-05-03 01:46:09 --> Session: Class initialized using 'CodeIgniter\Session\Handlers\FileHandler' driver.
INFO - 2024-05-03 01:47:59 --> Session: Class initialized using 'CodeIgniter\Session\Handlers\FileHandler' driver.
INFO - 2024-05-03 01:47:59 --> Session: Class initialized using 'CodeIgniter\Session\Handlers\FileHandler' driver.
CRITICAL - 2024-05-03 01:47:59 --> Trying to access array offset on value of type null
in APPPATH\Views\edit-utility.php on line 185.
 1 APPPATH\Views\edit-utility.php(185): CodeIgniter\Debug\Exceptions->errorHandler(2, 'Trying to access array offset on value of type null', 'APPPATH\\Views\\edit-utility.php', 185)
 2 SYSTEMPATH\View\View.php(213): include('APPPATH\\Views\\edit-utility.php')
 3 SYSTEMPATH\View\View.php(216): CodeIgniter\View\View->CodeIgniter\View\{closure}()
 4 SYSTEMPATH\Common.php(1177): CodeIgniter\View\View->render('edit-utility', [], true)
 5 APPPATH\Controllers\Home.php(68): view('edit-utility', [...])
 6 SYSTEMPATH\CodeIgniter.php(934): App\Controllers\Home->editUtility('FCPATH\\assets', 'images', 'logo-mini.svg')
 7 SYSTEMPATH\CodeIgniter.php(499): CodeIgniter\CodeIgniter->runController(Object(App\Controllers\Home))
 8 SYSTEMPATH\CodeIgniter.php(368): CodeIgniter\CodeIgniter->handleRequest(null, Object(Config\Cache), false)
 9 FCPATH\index.php(67): CodeIgniter\CodeIgniter->run()
10 SYSTEMPATH\Commands\Server\rewrite.php(47): require_once('FCPATH\\index.php')
INFO - 2024-05-03 01:48:00 --> Session: Class initialized using 'CodeIgniter\Session\Handlers\FileHandler' driver.
CRITICAL - 2024-05-03 01:48:00 --> Trying to access array offset on value of type null
in APPPATH\Views\edit-utility.php on line 185.
 1 APPPATH\Views\edit-utility.php(185): CodeIgniter\Debug\Exceptions->errorHandler(2, 'Trying to access array offset on value of type null', 'APPPATH\\Views\\edit-utility.php', 185)
 2 SYSTEMPATH\View\View.php(213): include('APPPATH\\Views\\edit-utility.php')
 3 SYSTEMPATH\View\View.php(216): CodeIgniter\View\View->CodeIgniter\View\{closure}()
 4 SYSTEMPATH\Common.php(1177): CodeIgniter\View\View->render('edit-utility', [], true)
 5 APPPATH\Controllers\Home.php(68): view('edit-utility', [...])
 6 SYSTEMPATH\CodeIgniter.php(934): App\Controllers\Home->editUtility('FCPATH\\assets', 'images', 'faces', 'pic-1.png')
 7 SYSTEMPATH\CodeIgniter.php(499): CodeIgniter\CodeIgniter->runController(Object(App\Controllers\Home))
 8 SYSTEMPATH\CodeIgniter.php(368): CodeIgniter\CodeIgniter->handleRequest(null, Object(Config\Cache), false)
 9 FCPATH\index.php(67): CodeIgniter\CodeIgniter->run()
10 SYSTEMPATH\Commands\Server\rewrite.php(47): require_once('FCPATH\\index.php')
INFO - 2024-05-03 01:48:02 --> Session: Class initialized using 'CodeIgniter\Session\Handlers\FileHandler' driver.
INFO - 2024-05-03 01:48:03 --> Session: Class initialized using 'CodeIgniter\Session\Handlers\FileHandler' driver.
INFO - 2024-05-03 01:48:05 --> Session: Class initialized using 'CodeIgniter\Session\Handlers\FileHandler' driver.
INFO - 2024-05-03 01:48:05 --> Session: Class initialized using 'CodeIgniter\Session\Handlers\FileHandler' driver.
INFO - 2024-05-03 01:48:06 --> Session: Class initialized using 'CodeIgniter\Session\Handlers\FileHandler' driver.
INFO - 2024-05-03 01:48:15 --> Session: Class initialized using 'CodeIgniter\Session\Handlers\FileHandler' driver.
INFO - 2024-05-03 01:48:28 --> Session: Class initialized using 'CodeIgniter\Session\Handlers\FileHandler' driver.
INFO - 2024-05-03 02:28:56 --> Session: Class initialized using 'CodeIgniter\Session\Handlers\FileHandler' driver.
INFO - 2024-05-03 02:37:25 --> Session: Class initialized using 'CodeIgniter\Session\Handlers\FileHandler' driver.
INFO - 2024-05-03 03:52:15 --> Session: Class initialized using 'CodeIgniter\Session\Handlers\FileHandler' driver.
INFO - 2024-05-03 05:36:26 --> Session: Class initialized using 'CodeIgniter\Session\Handlers\FileHandler' driver.
CRITICAL - 2024-05-03 06:23:57 --> count(): Argument #1 ($value) must be of type Countable|array, null given
in APPPATH\Controllers\ManageController.php on line 20.
 1 APPPATH\Controllers\ManageController.php(20): count(null)
 2 SYSTEMPATH\CodeIgniter.php(934): App\Controllers\ManageController->generateRentExpense()
 3 SYSTEMPATH\CodeIgniter.php(499): CodeIgniter\CodeIgniter->runController(Object(App\Controllers\ManageController))
 4 SYSTEMPATH\CodeIgniter.php(368): CodeIgniter\CodeIgniter->handleRequest(null, Object(Config\Cache), false)
 5 FCPATH\index.php(67): CodeIgniter\CodeIgniter->run()
 6 SYSTEMPATH\Commands\Server\rewrite.php(47): require_once('FCPATH\\index.php')
CRITICAL - 2024-05-03 06:24:22 --> count(): Argument #1 ($value) must be of type Countable|array, null given
in APPPATH\Controllers\ManageController.php on line 20.
 1 APPPATH\Controllers\ManageController.php(20): count(null)
 2 SYSTEMPATH\CodeIgniter.php(934): App\Controllers\ManageController->generateRentExpense()
 3 SYSTEMPATH\CodeIgniter.php(499): CodeIgniter\CodeIgniter->runController(Object(App\Controllers\ManageController))
 4 SYSTEMPATH\CodeIgniter.php(368): CodeIgniter\CodeIgniter->handleRequest(null, Object(Config\Cache), false)
 5 FCPATH\index.php(67): CodeIgniter\CodeIgniter->run()
 6 SYSTEMPATH\Commands\Server\rewrite.php(47): require_once('FCPATH\\index.php')
CRITICAL - 2024-05-03 06:25:42 --> count(): Argument #1 ($value) must be of type Countable|array, null given
in APPPATH\Controllers\ManageController.php on line 20.
 1 APPPATH\Controllers\ManageController.php(20): count(null)
 2 SYSTEMPATH\CodeIgniter.php(934): App\Controllers\ManageController->generateRentExpense()
 3 SYSTEMPATH\CodeIgniter.php(499): CodeIgniter\CodeIgniter->runController(Object(App\Controllers\ManageController))
 4 SYSTEMPATH\CodeIgniter.php(368): CodeIgniter\CodeIgniter->handleRequest(null, Object(Config\Cache), false)
 5 FCPATH\index.php(67): CodeIgniter\CodeIgniter->run()
 6 SYSTEMPATH\Commands\Server\rewrite.php(47): require_once('FCPATH\\index.php')
CRITICAL - 2024-05-03 06:29:20 --> count(): Argument #1 ($value) must be of type Countable|array, null given
in APPPATH\Controllers\ManageController.php on line 20.
 1 APPPATH\Controllers\ManageController.php(20): count(null)
 2 SYSTEMPATH\CodeIgniter.php(934): App\Controllers\ManageController->generateRentExpense()
 3 SYSTEMPATH\CodeIgniter.php(499): CodeIgniter\CodeIgniter->runController(Object(App\Controllers\ManageController))
 4 SYSTEMPATH\CodeIgniter.php(368): CodeIgniter\CodeIgniter->handleRequest(null, Object(Config\Cache), false)
 5 FCPATH\index.php(67): CodeIgniter\CodeIgniter->run()
 6 SYSTEMPATH\Commands\Server\rewrite.php(47): require_once('FCPATH\\index.php')
INFO - 2024-05-03 07:08:44 --> Session: Class initialized using 'CodeIgniter\Session\Handlers\FileHandler' driver.
INFO - 2024-05-03 07:14:19 --> Session: Class initialized using 'CodeIgniter\Session\Handlers\FileHandler' driver.
INFO - 2024-05-03 07:15:35 --> Session: Class initialized using 'CodeIgniter\Session\Handlers\FileHandler' driver.
ERROR - 2024-05-03 07:21:45 --> mysqli_sql_exception: Table 'dbexpense.tblrental_expense' doesn't exist in C:\xampp\htdocs\EMS\system\Database\MySQLi\Connection.php:295
Stack trace:
#0 C:\xampp\htdocs\EMS\system\Database\MySQLi\Connection.php(295): mysqli->query('SELECT `Date`\nF...', 0)
#1 C:\xampp\htdocs\EMS\system\Database\BaseConnection.php(691): CodeIgniter\Database\MySQLi\Connection->execute('SELECT `Date`\nF...')
#2 C:\xampp\htdocs\EMS\system\Database\BaseConnection.php(605): CodeIgniter\Database\BaseConnection->simpleQuery('SELECT `Date`\nF...')
#3 C:\xampp\htdocs\EMS\system\Database\BaseBuilder.php(1602): CodeIgniter\Database\BaseConnection->query('SELECT `Date`\nF...', Array, false)
#4 C:\xampp\htdocs\EMS\app\Controllers\ManageController.php(43): CodeIgniter\Database\BaseBuilder->get()
#5 C:\xampp\htdocs\EMS\system\CodeIgniter.php(934): App\Controllers\ManageController->generateRentExpense()
#6 C:\xampp\htdocs\EMS\system\CodeIgniter.php(499): CodeIgniter\CodeIgniter->runController(Object(App\Controllers\ManageController))
#7 C:\xampp\htdocs\EMS\system\CodeIgniter.php(368): CodeIgniter\CodeIgniter->handleRequest(NULL, Object(Config\Cache), false)
#8 C:\xampp\htdocs\EMS\public\index.php(67): CodeIgniter\CodeIgniter->run()
#9 C:\xampp\htdocs\EMS\system\Commands\Server\rewrite.php(47): require_once('C:\\xampp\\htdocs...')
#10 {main}
CRITICAL - 2024-05-03 07:21:45 --> Table 'dbexpense.tblrental_expense' doesn't exist
in SYSTEMPATH\Database\BaseConnection.php on line 645.
 1 SYSTEMPATH\Database\BaseBuilder.php(1602): CodeIgniter\Database\BaseConnection->query('SELECT `Date`
FROM `tblrental_expense`
WHERE DATE_FORMAT(Date,"%m") = :DATE_FORMAT(Date,"%m"):
AND DATE_FORMAT(Date,"%Y") = :DATE_FORMAT(Date,"%Y"):', [...], false)
 2 APPPATH\Controllers\ManageController.php(43): CodeIgniter\Database\BaseBuilder->get()
 3 SYSTEMPATH\CodeIgniter.php(934): App\Controllers\ManageController->generateRentExpense()
 4 SYSTEMPATH\CodeIgniter.php(499): CodeIgniter\CodeIgniter->runController(Object(App\Controllers\ManageController))
 5 SYSTEMPATH\CodeIgniter.php(368): CodeIgniter\CodeIgniter->handleRequest(null, Object(Config\Cache), false)
 6 FCPATH\index.php(67): CodeIgniter\CodeIgniter->run()
 7 SYSTEMPATH\Commands\Server\rewrite.php(47): require_once('FCPATH\\index.php')
ERROR - 2024-05-03 07:22:04 --> mysqli_sql_exception: Table 'dbexpense.tblrental_expense' doesn't exist in C:\xampp\htdocs\EMS\system\Database\MySQLi\Connection.php:295
Stack trace:
#0 C:\xampp\htdocs\EMS\system\Database\MySQLi\Connection.php(295): mysqli->query('SELECT `Date`\nF...', 0)
#1 C:\xampp\htdocs\EMS\system\Database\BaseConnection.php(691): CodeIgniter\Database\MySQLi\Connection->execute('SELECT `Date`\nF...')
#2 C:\xampp\htdocs\EMS\system\Database\BaseConnection.php(605): CodeIgniter\Database\BaseConnection->simpleQuery('SELECT `Date`\nF...')
#3 C:\xampp\htdocs\EMS\system\Database\BaseBuilder.php(1602): CodeIgniter\Database\BaseConnection->query('SELECT `Date`\nF...', Array, false)
#4 C:\xampp\htdocs\EMS\app\Controllers\ManageController.php(43): CodeIgniter\Database\BaseBuilder->get()
#5 C:\xampp\htdocs\EMS\system\CodeIgniter.php(934): App\Controllers\ManageController->generateRentExpense()
#6 C:\xampp\htdocs\EMS\system\CodeIgniter.php(499): CodeIgniter\CodeIgniter->runController(Object(App\Controllers\ManageController))
#7 C:\xampp\htdocs\EMS\system\CodeIgniter.php(368): CodeIgniter\CodeIgniter->handleRequest(NULL, Object(Config\Cache), false)
#8 C:\xampp\htdocs\EMS\public\index.php(67): CodeIgniter\CodeIgniter->run()
#9 C:\xampp\htdocs\EMS\system\Commands\Server\rewrite.php(47): require_once('C:\\xampp\\htdocs...')
#10 {main}
CRITICAL - 2024-05-03 07:22:04 --> Table 'dbexpense.tblrental_expense' doesn't exist
in SYSTEMPATH\Database\BaseConnection.php on line 645.
 1 SYSTEMPATH\Database\BaseBuilder.php(1602): CodeIgniter\Database\BaseConnection->query('SELECT `Date`
FROM `tblrental_expense`
WHERE DATE_FORMAT(Date,"%m") = :DATE_FORMAT(Date,"%m"):
AND DATE_FORMAT(Date,"%Y") = :DATE_FORMAT(Date,"%Y"):', [...], false)
 2 APPPATH\Controllers\ManageController.php(43): CodeIgniter\Database\BaseBuilder->get()
 3 SYSTEMPATH\CodeIgniter.php(934): App\Controllers\ManageController->generateRentExpense()
 4 SYSTEMPATH\CodeIgniter.php(499): CodeIgniter\CodeIgniter->runController(Object(App\Controllers\ManageController))
 5 SYSTEMPATH\CodeIgniter.php(368): CodeIgniter\CodeIgniter->handleRequest(null, Object(Config\Cache), false)
 6 FCPATH\index.php(67): CodeIgniter\CodeIgniter->run()
 7 SYSTEMPATH\Commands\Server\rewrite.php(47): require_once('FCPATH\\index.php')
INFO - 2024-05-03 07:24:03 --> Session: Class initialized using 'CodeIgniter\Session\Handlers\FileHandler' driver.
INFO - 2024-05-03 07:24:56 --> Session: Class initialized using 'CodeIgniter\Session\Handlers\FileHandler' driver.
INFO - 2024-05-03 07:35:14 --> Session: Class initialized using 'CodeIgniter\Session\Handlers\FileHandler' driver.
INFO - 2024-05-03 07:35:16 --> Session: Class initialized using 'CodeIgniter\Session\Handlers\FileHandler' driver.
INFO - 2024-05-03 07:36:17 --> Session: Class initialized using 'CodeIgniter\Session\Handlers\FileHandler' driver.
INFO - 2024-05-03 07:36:17 --> Session: Class initialized using 'CodeIgniter\Session\Handlers\FileHandler' driver.
CRITICAL - 2024-05-03 07:36:17 --> Trying to access array offset on value of type null
in APPPATH\Views\edit-rental.php on line 185.
 1 APPPATH\Views\edit-rental.php(185): CodeIgniter\Debug\Exceptions->errorHandler(2, 'Trying to access array offset on value of type null', 'APPPATH\\Views\\edit-rental.php', 185)
 2 SYSTEMPATH\View\View.php(213): include('APPPATH\\Views\\edit-rental.php')
 3 SYSTEMPATH\View\View.php(216): CodeIgniter\View\View->CodeIgniter\View\{closure}()
 4 SYSTEMPATH\Common.php(1177): CodeIgniter\View\View->render('edit-rental', [], true)
 5 APPPATH\Controllers\Home.php(56): view('edit-rental', [...])
 6 SYSTEMPATH\CodeIgniter.php(934): App\Controllers\Home->editRental('FCPATH\\assets', 'images', 'logo-mini.svg')
 7 SYSTEMPATH\CodeIgniter.php(499): CodeIgniter\CodeIgniter->runController(Object(App\Controllers\Home))
 8 SYSTEMPATH\CodeIgniter.php(368): CodeIgniter\CodeIgniter->handleRequest(null, Object(Config\Cache), false)
 9 FCPATH\index.php(67): CodeIgniter\CodeIgniter->run()
10 SYSTEMPATH\Commands\Server\rewrite.php(47): require_once('FCPATH\\index.php')
INFO - 2024-05-03 07:36:17 --> Session: Class initialized using 'CodeIgniter\Session\Handlers\FileHandler' driver.
CRITICAL - 2024-05-03 07:36:17 --> Trying to access array offset on value of type null
in APPPATH\Views\edit-rental.php on line 185.
 1 APPPATH\Views\edit-rental.php(185): CodeIgniter\Debug\Exceptions->errorHandler(2, 'Trying to access array offset on value of type null', 'APPPATH\\Views\\edit-rental.php', 185)
 2 SYSTEMPATH\View\View.php(213): include('APPPATH\\Views\\edit-rental.php')
 3 SYSTEMPATH\View\View.php(216): CodeIgniter\View\View->CodeIgniter\View\{closure}()
 4 SYSTEMPATH\Common.php(1177): CodeIgniter\View\View->render('edit-rental', [], true)
 5 APPPATH\Controllers\Home.php(56): view('edit-rental', [...])
 6 SYSTEMPATH\CodeIgniter.php(934): App\Controllers\Home->editRental('FCPATH\\assets', 'images', 'faces', 'pic-1.png')
 7 SYSTEMPATH\CodeIgniter.php(499): CodeIgniter\CodeIgniter->runController(Object(App\Controllers\Home))
 8 SYSTEMPATH\CodeIgniter.php(368): CodeIgniter\CodeIgniter->handleRequest(null, Object(Config\Cache), false)
 9 FCPATH\index.php(67): CodeIgniter\CodeIgniter->run()
10 SYSTEMPATH\Commands\Server\rewrite.php(47): require_once('FCPATH\\index.php')
INFO - 2024-05-03 07:36:34 --> Session: Class initialized using 'CodeIgniter\Session\Handlers\FileHandler' driver.
INFO - 2024-05-03 07:36:34 --> Session: Class initialized using 'CodeIgniter\Session\Handlers\FileHandler' driver.
INFO - 2024-05-03 07:36:49 --> Session: Class initialized using 'CodeIgniter\Session\Handlers\FileHandler' driver.
INFO - 2024-05-03 07:37:26 --> Session: Class initialized using 'CodeIgniter\Session\Handlers\FileHandler' driver.
INFO - 2024-05-03 07:48:50 --> Session: Class initialized using 'CodeIgniter\Session\Handlers\FileHandler' driver.
INFO - 2024-05-03 07:52:10 --> Session: Class initialized using 'CodeIgniter\Session\Handlers\FileHandler' driver.
INFO - 2024-05-03 07:52:12 --> Session: Class initialized using 'CodeIgniter\Session\Handlers\FileHandler' driver.
INFO - 2024-05-03 07:55:18 --> Session: Class initialized using 'CodeIgniter\Session\Handlers\FileHandler' driver.
INFO - 2024-05-03 07:55:33 --> Session: Class initialized using 'CodeIgniter\Session\Handlers\FileHandler' driver.
INFO - 2024-05-03 07:57:26 --> Session: Class initialized using 'CodeIgniter\Session\Handlers\FileHandler' driver.
ERROR - 2024-05-03 08:06:11 --> mysqli_sql_exception: Unknown column 'b.Payment' in 'field list' in C:\xampp\htdocs\EMS\system\Database\MySQLi\Connection.php:295
Stack trace:
#0 C:\xampp\htdocs\EMS\system\Database\MySQLi\Connection.php(295): mysqli->query('SELECT `a`.`Pay...', 0)
#1 C:\xampp\htdocs\EMS\system\Database\BaseConnection.php(691): CodeIgniter\Database\MySQLi\Connection->execute('SELECT `a`.`Pay...')
#2 C:\xampp\htdocs\EMS\system\Database\BaseConnection.php(605): CodeIgniter\Database\BaseConnection->simpleQuery('SELECT `a`.`Pay...')
#3 C:\xampp\htdocs\EMS\system\Database\BaseBuilder.php(1602): CodeIgniter\Database\BaseConnection->query('SELECT `a`.`Pay...', Array, false)
#4 C:\xampp\htdocs\EMS\app\Controllers\ManageController.php(97): CodeIgniter\Database\BaseBuilder->get()
#5 C:\xampp\htdocs\EMS\system\CodeIgniter.php(934): App\Controllers\ManageController->getAllRentExpense()
#6 C:\xampp\htdocs\EMS\system\CodeIgniter.php(499): CodeIgniter\CodeIgniter->runController(Object(App\Controllers\ManageController))
#7 C:\xampp\htdocs\EMS\system\CodeIgniter.php(368): CodeIgniter\CodeIgniter->handleRequest(NULL, Object(Config\Cache), false)
#8 C:\xampp\htdocs\EMS\public\index.php(67): CodeIgniter\CodeIgniter->run()
#9 C:\xampp\htdocs\EMS\system\Commands\Server\rewrite.php(47): require_once('C:\\xampp\\htdocs...')
#10 {main}
CRITICAL - 2024-05-03 08:06:11 --> Unknown column 'b.Payment' in 'field list'
in SYSTEMPATH\Database\BaseConnection.php on line 645.
 1 SYSTEMPATH\Database\BaseBuilder.php(1602): CodeIgniter\Database\BaseConnection->query('SELECT `a`.`Payee`, `a`.`Details`, `b`.`Balance`, `b`.`Payment`, `b`.`NewBalance`, `b`.`LifeSpan`, `b`.`rpID`
FROM `tblrental` `a`
INNER JOIN (Select rpID,rentalID,Balance,SUM(Payment),NewBalance,LifeSpan from tblrental_payment GROUP BY rentalID ORDER BY rpID DESC) b ON `b`.`rentalID`=`a`.`rentalID`
WHERE `a`.`Status` = :a.Status:
AND `b`.`LifeSpan` <> :b.LifeSpan:
GROUP BY `a`.`rentalID`', [...], false)
 2 APPPATH\Controllers\ManageController.php(97): CodeIgniter\Database\BaseBuilder->get()
 3 SYSTEMPATH\CodeIgniter.php(934): App\Controllers\ManageController->getAllRentExpense()
 4 SYSTEMPATH\CodeIgniter.php(499): CodeIgniter\CodeIgniter->runController(Object(App\Controllers\ManageController))
 5 SYSTEMPATH\CodeIgniter.php(368): CodeIgniter\CodeIgniter->handleRequest(null, Object(Config\Cache), false)
 6 FCPATH\index.php(67): CodeIgniter\CodeIgniter->run()
 7 SYSTEMPATH\Commands\Server\rewrite.php(47): require_once('FCPATH\\index.php')
